The target system is: Generic - 1 - 
The host system is: Linux - 4.15.0-46-generic - x86_64
Compiling the C compiler identification source file "CMakeCCompilerId.c" succeeded.
Compiler: /usr/bin/arm-none-eabi-gcc 
Build flags: 
Id flags: -c 

The output was:
0


Compilation of the C compiler identification source "CMakeCCompilerId.c" produced "CMakeCCompilerId.o"

The C compiler identification is GNU, found in "/home/toshi/CLionProjects/nucleo_f303re_v4/f3_blink/cmake-build-debug/CMakeFiles/3.13.2/CompilerIdC/CMakeCCompilerId.o"

Compiling the CXX compiler identification source file "CMakeCXXCompilerId.cpp" succeeded.
Compiler: /usr/bin/arm-none-eabi-g++ 
Build flags: 
Id flags: -c 

The output was:
0


Compilation of the CXX compiler identification source "CMakeCXXCompilerId.cpp" produced "CMakeCXXCompilerId.o"

The CXX compiler identification is GNU, found in "/home/toshi/CLionProjects/nucleo_f303re_v4/f3_blink/cmake-build-debug/CMakeFiles/3.13.2/CompilerIdCXX/CMakeCXXCompilerId.o"

Checking whether the ASM compiler is GNU using "--version" matched "(GNU assembler)|(GCC)|(Free Software Foundation)":
arm-none-eabi-gcc (GNU Tools for Arm Embedded Processors 8-2018-q4-major) 8.2.1 20181213 (release) [gcc-8-branch revision 267074]
Copyright (C) 2018 Free Software Foundation, Inc.
This is free software; see the source for copying conditions.  There is NO
warranty; not even for MERCHANTABILITY or FITNESS FOR A PARTICULAR PURPOSE.

Detecting C compiler ABI info compiled with the following output:
Change Dir: /home/toshi/CLionProjects/nucleo_f303re_v4/f3_blink/cmake-build-debug/CMakeFiles/CMakeTmp

Run Build Command:"/usr/bin/make" "cmTC_03326/fast"
/usr/bin/make -f CMakeFiles/cmTC_03326.dir/build.make CMakeFiles/cmTC_03326.dir/build
make[1]: Entering directory '/home/toshi/CLionProjects/nucleo_f303re_v4/f3_blink/cmake-build-debug/CMakeFiles/CMakeTmp'
Building C object CMakeFiles/cmTC_03326.dir/CMakeCCompilerABI.c.obj
/usr/bin/arm-none-eabi-gcc   -mcpu=cortex-m4  -mthumb -mthumb-interwork -ffunction-sections -fdata-sections     -g -fno-common -fmessage-length=0 -specs=nosys.specs -specs=nano.specs -std=gnu99    -o CMakeFiles/cmTC_03326.dir/CMakeCCompilerABI.c.obj   -c /opt/clion/bin/cmake/linux/share/cmake-3.13/Modules/CMakeCCompilerABI.c
Linking C executable cmTC_03326
/opt/clion/bin/cmake/linux/bin/cmake -E cmake_link_script CMakeFiles/cmTC_03326.dir/link.txt --verbose=1
/usr/bin/arm-none-eabi-gcc -mcpu=cortex-m4  -mthumb -mthumb-interwork -ffunction-sections -fdata-sections     -g -fno-common -fmessage-length=0 -specs=nosys.specs -specs=nano.specs -std=gnu99   -Wl,-gc-sections,--print-memory-usage -T /home/toshi/CLionProjects/nucleo_f303re_v4/f3_blink/STM32F303RETx_FLASH.ld -v CMakeFiles/cmTC_03326.dir/CMakeCCompilerABI.c.obj  -o cmTC_03326 
Using built-in specs.
Reading specs from /usr/bin/../lib/gcc/arm-none-eabi/8.2.1/../../../../arm-none-eabi/lib/nosys.specs
rename spec link_gcc_c_sequence to nosys_link_gcc_c_sequence
Reading specs from /usr/bin/../lib/gcc/arm-none-eabi/8.2.1/../../../../arm-none-eabi/lib/nano.specs
rename spec link to nano_link
rename spec link_gcc_c_sequence to nano_link_gcc_c_sequence
rename spec cpp_unique_options to nano_cpp_unique_options
COLLECT_GCC=/usr/bin/arm-none-eabi-gcc
COLLECT_LTO_WRAPPER=/usr/bin/../lib/gcc/arm-none-eabi/8.2.1/lto-wrapper
Target: arm-none-eabi
Configured with: /tmp/jenkins/jenkins-GCC-8-build_toolchain_docker-519_20181216_1544945247/src/gcc/configure --target=arm-none-eabi --prefix=/tmp/jenkins/jenkins-GCC-8-build_toolchain_docker-519_20181216_1544945247/install-native --libexecdir=/tmp/jenkins/jenkins-GCC-8-build_toolchain_docker-519_20181216_1544945247/install-native/lib --infodir=/tmp/jenkins/jenkins-GCC-8-build_toolchain_docker-519_20181216_1544945247/install-native/share/doc/gcc-arm-none-eabi/info --mandir=/tmp/jenkins/jenkins-GCC-8-build_toolchain_docker-519_20181216_1544945247/install-native/share/doc/gcc-arm-none-eabi/man --htmldir=/tmp/jenkins/jenkins-GCC-8-build_toolchain_docker-519_20181216_1544945247/install-native/share/doc/gcc-arm-none-eabi/html --pdfdir=/tmp/jenkins/jenkins-GCC-8-build_toolchain_docker-519_20181216_1544945247/install-native/share/doc/gcc-arm-none-eabi/pdf --enable-languages=c,c++ --enable-plugins --disable-decimal-float --disable-libffi --disable-libgomp --disable-libmudflap --disable-libquadmath --disable-libssp --disable-libstdcxx-pch --disable-nls --disable-shared --disable-threads --disable-tls --with-gnu-as --with-gnu-ld --with-newlib --with-headers=yes --with-python-dir=share/gcc-arm-none-eabi --with-sysroot=/tmp/jenkins/jenkins-GCC-8-build_toolchain_docker-519_20181216_1544945247/install-native/arm-none-eabi --build=x86_64-linux-gnu --host=x86_64-linux-gnu --with-gmp=/tmp/jenkins/jenkins-GCC-8-build_toolchain_docker-519_20181216_1544945247/build-native/host-libs/usr --with-mpfr=/tmp/jenkins/jenkins-GCC-8-build_toolchain_docker-519_20181216_1544945247/build-native/host-libs/usr --with-mpc=/tmp/jenkins/jenkins-GCC-8-build_toolchain_docker-519_20181216_1544945247/build-native/host-libs/usr --with-isl=/tmp/jenkins/jenkins-GCC-8-build_toolchain_docker-519_20181216_1544945247/build-native/host-libs/usr --with-libelf=/tmp/jenkins/jenkins-GCC-8-build_toolchain_docker-519_20181216_1544945247/build-native/host-libs/usr --with-host-libstdcxx='-static-libgcc -Wl,-Bstatic,-lstdc++,-Bdynamic -lm' --with-pkgversion='GNU Tools for Arm Embedded Processors 8-2018-q4-major' --with-multilib-list=rmprofile
Thread model: single
gcc version 8.2.1 20181213 (release) [gcc-8-branch revision 267074] (GNU Tools for Arm Embedded Processors 8-2018-q4-major) 
COMPILER_PATH=/usr/bin/../lib/gcc/arm-none-eabi/8.2.1/:/usr/bin/../lib/gcc/:/usr/bin/../lib/gcc/arm-none-eabi/8.2.1/../../../../arm-none-eabi/bin/
LIBRARY_PATH=/usr/bin/../lib/gcc/arm-none-eabi/8.2.1/thumb/v7e-m/nofp/:/usr/bin/../lib/gcc/arm-none-eabi/8.2.1/../../../../arm-none-eabi/lib/thumb/v7e-m/nofp/:/usr/bin/../arm-none-eabi/lib/thumb/v7e-m/nofp/:/usr/bin/../lib/gcc/arm-none-eabi/8.2.1/:/usr/bin/../lib/gcc/:/usr/bin/../lib/gcc/arm-none-eabi/8.2.1/../../../../arm-none-eabi/lib/:/usr/bin/../arm-none-eabi/lib/
COLLECT_GCC_OPTIONS='-mcpu=cortex-m4' '-mthumb' '-mthumb-interwork' '-ffunction-sections' '-fdata-sections' '-g' '-fno-common' '-fmessage-length=0' '-specs=nosys.specs' '-specs=nano.specs' '-std=gnu99' '-T' '/home/toshi/CLionProjects/nucleo_f303re_v4/f3_blink/STM32F303RETx_FLASH.ld' '-v' '-o' 'cmTC_03326' '-mfloat-abi=soft' '-march=armv7e-m'
 /usr/bin/../lib/gcc/arm-none-eabi/8.2.1/collect2 -plugin /usr/bin/../lib/gcc/arm-none-eabi/8.2.1/liblto_plugin.so -plugin-opt=/usr/bin/../lib/gcc/arm-none-eabi/8.2.1/lto-wrapper -plugin-opt=-fresolution=/tmp/ccFZ13AM.res -plugin-opt=-pass-through=-lgcc -plugin-opt=-pass-through=-lg_nano -plugin-opt=-pass-through=-lc_nano -plugin-opt=-pass-through=-lgcc -plugin-opt=-pass-through=-lc_nano -plugin-opt=-pass-through=-lnosys -plugin-opt=-pass-through=-lgcc -plugin-opt=-pass-through=-lc_nano -plugin-opt=-pass-through=-lnosys --sysroot=/usr/bin/../arm-none-eabi -X -o cmTC_03326 /usr/bin/../lib/gcc/arm-none-eabi/8.2.1/thumb/v7e-m/nofp/crti.o /usr/bin/../lib/gcc/arm-none-eabi/8.2.1/thumb/v7e-m/nofp/crtbegin.o /usr/bin/../lib/gcc/arm-none-eabi/8.2.1/../../../../arm-none-eabi/lib/thumb/v7e-m/nofp/crt0.o -L/usr/bin/../lib/gcc/arm-none-eabi/8.2.1/thumb/v7e-m/nofp -L/usr/bin/../lib/gcc/arm-none-eabi/8.2.1/../../../../arm-none-eabi/lib/thumb/v7e-m/nofp -L/usr/bin/../arm-none-eabi/lib/thumb/v7e-m/nofp -L/usr/bin/../lib/gcc/arm-none-eabi/8.2.1 -L/usr/bin/../lib/gcc -L/usr/bin/../lib/gcc/arm-none-eabi/8.2.1/../../../../arm-none-eabi/lib -L/usr/bin/../arm-none-eabi/lib -gc-sections --print-memory-usage CMakeFiles/cmTC_03326.dir/CMakeCCompilerABI.c.obj --start-group -lgcc -lg_nano -lc_nano --end-group --start-group -lgcc -lc_nano -lnosys --end-group --start-group -lgcc -lc_nano -lnosys --end-group /usr/bin/../lib/gcc/arm-none-eabi/8.2.1/thumb/v7e-m/nofp/crtend.o /usr/bin/../lib/gcc/arm-none-eabi/8.2.1/thumb/v7e-m/nofp/crtn.o -T /home/toshi/CLionProjects/nucleo_f303re_v4/f3_blink/STM32F303RETx_FLASH.ld
Memory region         Used Size  Region Size  %age Used
             RAM:        1568 B        64 KB      2.39%
          CCMRAM:          0 GB        16 KB      0.00%
           FLASH:          96 B       512 KB      0.02/usr/bin/../lib/gcc/arm-none-eabi/8.2.1/../../../../arm-none-eabi/bin/ld: warning: cannot find entry symbol Reset_Handler; defaulting to 0000000008000000
%
COLLECT_GCC_OPTIONS='-mcpu=cortex-m4' '-mthumb' '-mthumb-interwork' '-ffunction-sections' '-fdata-sections' '-g' '-fno-common' '-fmessage-length=0' '-specs=nosys.specs' '-specs=nano.specs' '-std=gnu99' '-T' '/home/toshi/CLionProjects/nucleo_f303re_v4/f3_blink/STM32F303RETx_FLASH.ld' '-v' '-o' 'cmTC_03326' '-mfloat-abi=soft' '-march=armv7e-m'
make[1]: Leaving directory '/home/toshi/CLionProjects/nucleo_f303re_v4/f3_blink/cmake-build-debug/CMakeFiles/CMakeTmp'


Parsed C implicit link information from above output:
  link line regex: [^( *|.*[/\])(arm-none-eabi-ld|CMAKE_LINK_STARTFILE-NOTFOUND|([^/\]+-)?ld|collect2)[^/\]*( |$)]
  ignore line: [Change Dir: /home/toshi/CLionProjects/nucleo_f303re_v4/f3_blink/cmake-build-debug/CMakeFiles/CMakeTmp]
  ignore line: []
  ignore line: [Run Build Command:"/usr/bin/make" "cmTC_03326/fast"]
  ignore line: [/usr/bin/make -f CMakeFiles/cmTC_03326.dir/build.make CMakeFiles/cmTC_03326.dir/build]
  ignore line: [make[1]: Entering directory '/home/toshi/CLionProjects/nucleo_f303re_v4/f3_blink/cmake-build-debug/CMakeFiles/CMakeTmp']
  ignore line: [Building C object CMakeFiles/cmTC_03326.dir/CMakeCCompilerABI.c.obj]
  ignore line: [/usr/bin/arm-none-eabi-gcc   -mcpu=cortex-m4  -mthumb -mthumb-interwork -ffunction-sections -fdata-sections     -g -fno-common -fmessage-length=0 -specs=nosys.specs -specs=nano.specs -std=gnu99    -o CMakeFiles/cmTC_03326.dir/CMakeCCompilerABI.c.obj   -c /opt/clion/bin/cmake/linux/share/cmake-3.13/Modules/CMakeCCompilerABI.c]
  ignore line: [Linking C executable cmTC_03326]
  ignore line: [/opt/clion/bin/cmake/linux/bin/cmake -E cmake_link_script CMakeFiles/cmTC_03326.dir/link.txt --verbose=1]
  ignore line: [/usr/bin/arm-none-eabi-gcc -mcpu=cortex-m4  -mthumb -mthumb-interwork -ffunction-sections -fdata-sections     -g -fno-common -fmessage-length=0 -specs=nosys.specs -specs=nano.specs -std=gnu99   -Wl,-gc-sections,--print-memory-usage -T /home/toshi/CLionProjects/nucleo_f303re_v4/f3_blink/STM32F303RETx_FLASH.ld -v CMakeFiles/cmTC_03326.dir/CMakeCCompilerABI.c.obj  -o cmTC_03326 ]
  ignore line: [Using built-in specs.]
  ignore line: [Reading specs from /usr/bin/../lib/gcc/arm-none-eabi/8.2.1/../../../../arm-none-eabi/lib/nosys.specs]
  ignore line: [rename spec link_gcc_c_sequence to nosys_link_gcc_c_sequence]
  ignore line: [Reading specs from /usr/bin/../lib/gcc/arm-none-eabi/8.2.1/../../../../arm-none-eabi/lib/nano.specs]
  ignore line: [rename spec link to nano_link]
  ignore line: [rename spec link_gcc_c_sequence to nano_link_gcc_c_sequence]
  ignore line: [rename spec cpp_unique_options to nano_cpp_unique_options]
  ignore line: [COLLECT_GCC=/usr/bin/arm-none-eabi-gcc]
  ignore line: [COLLECT_LTO_WRAPPER=/usr/bin/../lib/gcc/arm-none-eabi/8.2.1/lto-wrapper]
  ignore line: [Target: arm-none-eabi]
  ignore line: [Configured with: /tmp/jenkins/jenkins-GCC-8-build_toolchain_docker-519_20181216_1544945247/src/gcc/configure --target=arm-none-eabi --prefix=/tmp/jenkins/jenkins-GCC-8-build_toolchain_docker-519_20181216_1544945247/install-native --libexecdir=/tmp/jenkins/jenkins-GCC-8-build_toolchain_docker-519_20181216_1544945247/install-native/lib --infodir=/tmp/jenkins/jenkins-GCC-8-build_toolchain_docker-519_20181216_1544945247/install-native/share/doc/gcc-arm-none-eabi/info --mandir=/tmp/jenkins/jenkins-GCC-8-build_toolchain_docker-519_20181216_1544945247/install-native/share/doc/gcc-arm-none-eabi/man --htmldir=/tmp/jenkins/jenkins-GCC-8-build_toolchain_docker-519_20181216_1544945247/install-native/share/doc/gcc-arm-none-eabi/html --pdfdir=/tmp/jenkins/jenkins-GCC-8-build_toolchain_docker-519_20181216_1544945247/install-native/share/doc/gcc-arm-none-eabi/pdf --enable-languages=c,c++ --enable-plugins --disable-decimal-float --disable-libffi --disable-libgomp --disable-libmudflap --disable-libquadmath --disable-libssp --disable-libstdcxx-pch --disable-nls --disable-shared --disable-threads --disable-tls --with-gnu-as --with-gnu-ld --with-newlib --with-headers=yes --with-python-dir=share/gcc-arm-none-eabi --with-sysroot=/tmp/jenkins/jenkins-GCC-8-build_toolchain_docker-519_20181216_1544945247/install-native/arm-none-eabi --build=x86_64-linux-gnu --host=x86_64-linux-gnu --with-gmp=/tmp/jenkins/jenkins-GCC-8-build_toolchain_docker-519_20181216_1544945247/build-native/host-libs/usr --with-mpfr=/tmp/jenkins/jenkins-GCC-8-build_toolchain_docker-519_20181216_1544945247/build-native/host-libs/usr --with-mpc=/tmp/jenkins/jenkins-GCC-8-build_toolchain_docker-519_20181216_1544945247/build-native/host-libs/usr --with-isl=/tmp/jenkins/jenkins-GCC-8-build_toolchain_docker-519_20181216_1544945247/build-native/host-libs/usr --with-libelf=/tmp/jenkins/jenkins-GCC-8-build_toolchain_docker-519_20181216_1544945247/build-native/host-libs/usr --with-host-libstdcxx='-static-libgcc -Wl,-Bstatic,-lstdc++,-Bdynamic -lm' --with-pkgversion='GNU Tools for Arm Embedded Processors 8-2018-q4-major' --with-multilib-list=rmprofile]
  ignore line: [Thread model: single]
  ignore line: [gcc version 8.2.1 20181213 (release) [gcc-8-branch revision 267074] (GNU Tools for Arm Embedded Processors 8-2018-q4-major) ]
  ignore line: [COMPILER_PATH=/usr/bin/../lib/gcc/arm-none-eabi/8.2.1/:/usr/bin/../lib/gcc/:/usr/bin/../lib/gcc/arm-none-eabi/8.2.1/../../../../arm-none-eabi/bin/]
  ignore line: [LIBRARY_PATH=/usr/bin/../lib/gcc/arm-none-eabi/8.2.1/thumb/v7e-m/nofp/:/usr/bin/../lib/gcc/arm-none-eabi/8.2.1/../../../../arm-none-eabi/lib/thumb/v7e-m/nofp/:/usr/bin/../arm-none-eabi/lib/thumb/v7e-m/nofp/:/usr/bin/../lib/gcc/arm-none-eabi/8.2.1/:/usr/bin/../lib/gcc/:/usr/bin/../lib/gcc/arm-none-eabi/8.2.1/../../../../arm-none-eabi/lib/:/usr/bin/../arm-none-eabi/lib/]
  ignore line: [COLLECT_GCC_OPTIONS='-mcpu=cortex-m4' '-mthumb' '-mthumb-interwork' '-ffunction-sections' '-fdata-sections' '-g' '-fno-common' '-fmessage-length=0' '-specs=nosys.specs' '-specs=nano.specs' '-std=gnu99' '-T' '/home/toshi/CLionProjects/nucleo_f303re_v4/f3_blink/STM32F303RETx_FLASH.ld' '-v' '-o' 'cmTC_03326' '-mfloat-abi=soft' '-march=armv7e-m']
  link line: [ /usr/bin/../lib/gcc/arm-none-eabi/8.2.1/collect2 -plugin /usr/bin/../lib/gcc/arm-none-eabi/8.2.1/liblto_plugin.so -plugin-opt=/usr/bin/../lib/gcc/arm-none-eabi/8.2.1/lto-wrapper -plugin-opt=-fresolution=/tmp/ccFZ13AM.res -plugin-opt=-pass-through=-lgcc -plugin-opt=-pass-through=-lg_nano -plugin-opt=-pass-through=-lc_nano -plugin-opt=-pass-through=-lgcc -plugin-opt=-pass-through=-lc_nano -plugin-opt=-pass-through=-lnosys -plugin-opt=-pass-through=-lgcc -plugin-opt=-pass-through=-lc_nano -plugin-opt=-pass-through=-lnosys --sysroot=/usr/bin/../arm-none-eabi -X -o cmTC_03326 /usr/bin/../lib/gcc/arm-none-eabi/8.2.1/thumb/v7e-m/nofp/crti.o /usr/bin/../lib/gcc/arm-none-eabi/8.2.1/thumb/v7e-m/nofp/crtbegin.o /usr/bin/../lib/gcc/arm-none-eabi/8.2.1/../../../../arm-none-eabi/lib/thumb/v7e-m/nofp/crt0.o -L/usr/bin/../lib/gcc/arm-none-eabi/8.2.1/thumb/v7e-m/nofp -L/usr/bin/../lib/gcc/arm-none-eabi/8.2.1/../../../../arm-none-eabi/lib/thumb/v7e-m/nofp -L/usr/bin/../arm-none-eabi/lib/thumb/v7e-m/nofp -L/usr/bin/../lib/gcc/arm-none-eabi/8.2.1 -L/usr/bin/../lib/gcc -L/usr/bin/../lib/gcc/arm-none-eabi/8.2.1/../../../../arm-none-eabi/lib -L/usr/bin/../arm-none-eabi/lib -gc-sections --print-memory-usage CMakeFiles/cmTC_03326.dir/CMakeCCompilerABI.c.obj --start-group -lgcc -lg_nano -lc_nano --end-group --start-group -lgcc -lc_nano -lnosys --end-group --start-group -lgcc -lc_nano -lnosys --end-group /usr/bin/../lib/gcc/arm-none-eabi/8.2.1/thumb/v7e-m/nofp/crtend.o /usr/bin/../lib/gcc/arm-none-eabi/8.2.1/thumb/v7e-m/nofp/crtn.o -T /home/toshi/CLionProjects/nucleo_f303re_v4/f3_blink/STM32F303RETx_FLASH.ld]
    arg [/usr/bin/../lib/gcc/arm-none-eabi/8.2.1/collect2] ==> ignore
    arg [-plugin] ==> ignore
    arg [/usr/bin/../lib/gcc/arm-none-eabi/8.2.1/liblto_plugin.so] ==> ignore
    arg [-plugin-opt=/usr/bin/../lib/gcc/arm-none-eabi/8.2.1/lto-wrapper] ==> ignore
    arg [-plugin-opt=-fresolution=/tmp/ccFZ13AM.res] ==> ignore
    arg [-plugin-opt=-pass-through=-lgcc] ==> ignore
    arg [-plugin-opt=-pass-through=-lg_nano] ==> ignore
    arg [-plugin-opt=-pass-through=-lc_nano] ==> ignore
    arg [-plugin-opt=-pass-through=-lgcc] ==> ignore
    arg [-plugin-opt=-pass-through=-lc_nano] ==> ignore
    arg [-plugin-opt=-pass-through=-lnosys] ==> ignore
    arg [-plugin-opt=-pass-through=-lgcc] ==> ignore
    arg [-plugin-opt=-pass-through=-lc_nano] ==> ignore
    arg [-plugin-opt=-pass-through=-lnosys] ==> ignore
    arg [--sysroot=/usr/bin/../arm-none-eabi] ==> ignore
    arg [-X] ==> ignore
    arg [-o] ==> ignore
    arg [cmTC_03326] ==> ignore
    arg [/usr/bin/../lib/gcc/arm-none-eabi/8.2.1/thumb/v7e-m/nofp/crti.o] ==> ignore
    arg [/usr/bin/../lib/gcc/arm-none-eabi/8.2.1/thumb/v7e-m/nofp/crtbegin.o] ==> ignore
    arg [/usr/bin/../lib/gcc/arm-none-eabi/8.2.1/../../../../arm-none-eabi/lib/thumb/v7e-m/nofp/crt0.o] ==> ignore
    arg [-L/usr/bin/../lib/gcc/arm-none-eabi/8.2.1/thumb/v7e-m/nofp] ==> dir [/usr/bin/../lib/gcc/arm-none-eabi/8.2.1/thumb/v7e-m/nofp]
    arg [-L/usr/bin/../lib/gcc/arm-none-eabi/8.2.1/../../../../arm-none-eabi/lib/thumb/v7e-m/nofp] ==> dir [/usr/bin/../lib/gcc/arm-none-eabi/8.2.1/../../../../arm-none-eabi/lib/thumb/v7e-m/nofp]
    arg [-L/usr/bin/../arm-none-eabi/lib/thumb/v7e-m/nofp] ==> dir [/usr/bin/../arm-none-eabi/lib/thumb/v7e-m/nofp]
    arg [-L/usr/bin/../lib/gcc/arm-none-eabi/8.2.1] ==> dir [/usr/bin/../lib/gcc/arm-none-eabi/8.2.1]
    arg [-L/usr/bin/../lib/gcc] ==> dir [/usr/bin/../lib/gcc]
    arg [-L/usr/bin/../lib/gcc/arm-none-eabi/8.2.1/../../../../arm-none-eabi/lib] ==> dir [/usr/bin/../lib/gcc/arm-none-eabi/8.2.1/../../../../arm-none-eabi/lib]
    arg [-L/usr/bin/../arm-none-eabi/lib] ==> dir [/usr/bin/../arm-none-eabi/lib]
    arg [-gc-sections] ==> ignore
    arg [--print-memory-usage] ==> ignore
    arg [CMakeFiles/cmTC_03326.dir/CMakeCCompilerABI.c.obj] ==> ignore
    arg [--start-group] ==> ignore
    arg [-lgcc] ==> lib [gcc]
    arg [-lg_nano] ==> lib [g_nano]
    arg [-lc_nano] ==> lib [c_nano]
    arg [--end-group] ==> ignore
    arg [--start-group] ==> ignore
    arg [-lgcc] ==> lib [gcc]
    arg [-lc_nano] ==> lib [c_nano]
    arg [-lnosys] ==> lib [nosys]
    arg [--end-group] ==> ignore
    arg [--start-group] ==> ignore
    arg [-lgcc] ==> lib [gcc]
    arg [-lc_nano] ==> lib [c_nano]
    arg [-lnosys] ==> lib [nosys]
    arg [--end-group] ==> ignore
    arg [/usr/bin/../lib/gcc/arm-none-eabi/8.2.1/thumb/v7e-m/nofp/crtend.o] ==> ignore
    arg [/usr/bin/../lib/gcc/arm-none-eabi/8.2.1/thumb/v7e-m/nofp/crtn.o] ==> ignore
    arg [-T] ==> ignore
    arg [/home/toshi/CLionProjects/nucleo_f303re_v4/f3_blink/STM32F303RETx_FLASH.ld] ==> ignore
  collapse library dir [/usr/bin/../lib/gcc/arm-none-eabi/8.2.1/thumb/v7e-m/nofp] ==> [/usr/lib/gcc/arm-none-eabi/8.2.1/thumb/v7e-m/nofp]
  collapse library dir [/usr/bin/../lib/gcc/arm-none-eabi/8.2.1/../../../../arm-none-eabi/lib/thumb/v7e-m/nofp] ==> [/usr/arm-none-eabi/lib/thumb/v7e-m/nofp]
  collapse library dir [/usr/bin/../arm-none-eabi/lib/thumb/v7e-m/nofp] ==> [/usr/arm-none-eabi/lib/thumb/v7e-m/nofp]
  collapse library dir [/usr/bin/../lib/gcc/arm-none-eabi/8.2.1] ==> [/usr/lib/gcc/arm-none-eabi/8.2.1]
  collapse library dir [/usr/bin/../lib/gcc] ==> [/usr/lib/gcc]
  collapse library dir [/usr/bin/../lib/gcc/arm-none-eabi/8.2.1/../../../../arm-none-eabi/lib] ==> [/usr/arm-none-eabi/lib]
  collapse library dir [/usr/bin/../arm-none-eabi/lib] ==> [/usr/arm-none-eabi/lib]
  implicit libs: [gcc;g_nano;c_nano;gcc;c_nano;nosys;gcc;c_nano;nosys]
  implicit dirs: [/usr/lib/gcc/arm-none-eabi/8.2.1/thumb/v7e-m/nofp;/usr/arm-none-eabi/lib/thumb/v7e-m/nofp;/usr/lib/gcc/arm-none-eabi/8.2.1;/usr/lib/gcc;/usr/arm-none-eabi/lib]
  implicit fwks: []




Detecting C [-std=c11] compiler features compiled with the following output:
Change Dir: /home/toshi/CLionProjects/nucleo_f303re_v4/f3_blink/cmake-build-debug/CMakeFiles/CMakeTmp

Run Build Command:"/usr/bin/make" "cmTC_e086c/fast"
/usr/bin/make -f CMakeFiles/cmTC_e086c.dir/build.make CMakeFiles/cmTC_e086c.dir/build
make[1]: Entering directory '/home/toshi/CLionProjects/nucleo_f303re_v4/f3_blink/cmake-build-debug/CMakeFiles/CMakeTmp'
Building C object CMakeFiles/cmTC_e086c.dir/feature_tests.c.obj
/usr/bin/arm-none-eabi-gcc   -mcpu=cortex-m4  -mthumb -mthumb-interwork -ffunction-sections -fdata-sections     -g -fno-common -fmessage-length=0 -specs=nosys.specs -specs=nano.specs -std=gnu99    -std=c11 -o CMakeFiles/cmTC_e086c.dir/feature_tests.c.obj   -c /home/toshi/CLionProjects/nucleo_f303re_v4/f3_blink/cmake-build-debug/CMakeFiles/feature_tests.c
Linking C executable cmTC_e086c
/opt/clion/bin/cmake/linux/bin/cmake -E cmake_link_script CMakeFiles/cmTC_e086c.dir/link.txt --verbose=1
/usr/bin/arm-none-eabi-gcc -mcpu=cortex-m4  -mthumb -mthumb-interwork -ffunction-sections -fdata-sections     -g -fno-common -fmessage-length=0 -specs=nosys.specs -specs=nano.specs -std=gnu99   -Wl,-gc-sections,--print-memory-usage -T /home/toshi/CLionProjects/nucleo_f303re_v4/f3_blink/STM32F303RETx_FLASH.ld  CMakeFiles/cmTC_e086c.dir/feature_tests.c.obj  -o cmTC_e086c 
Memory region         Used Size  Region Size  %age Used
             RAM:        1568 B        64 KB      2.39%
          CCMRAM:          0 GB        16 KB      0.00%
           FLASH:          96 B       512 KB      0.02/usr/bin/../lib/gcc/arm-none-eabi/8.2.1/../../../../arm-none-eabi/bin/ld: warning: cannot find entry symbol Reset_Handler; defaulting to 0000000008000000
%
make[1]: Leaving directory '/home/toshi/CLionProjects/nucleo_f303re_v4/f3_blink/cmake-build-debug/CMakeFiles/CMakeTmp'




Detecting C [-std=c99] compiler features compiled with the following output:
Change Dir: /home/toshi/CLionProjects/nucleo_f303re_v4/f3_blink/cmake-build-debug/CMakeFiles/CMakeTmp

Run Build Command:"/usr/bin/make" "cmTC_a42fb/fast"
/usr/bin/make -f CMakeFiles/cmTC_a42fb.dir/build.make CMakeFiles/cmTC_a42fb.dir/build
make[1]: Entering directory '/home/toshi/CLionProjects/nucleo_f303re_v4/f3_blink/cmake-build-debug/CMakeFiles/CMakeTmp'
Building C object CMakeFiles/cmTC_a42fb.dir/feature_tests.c.obj
/usr/bin/arm-none-eabi-gcc   -mcpu=cortex-m4  -mthumb -mthumb-interwork -ffunction-sections -fdata-sections     -g -fno-common -fmessage-length=0 -specs=nosys.specs -specs=nano.specs -std=gnu99    -std=c99 -o CMakeFiles/cmTC_a42fb.dir/feature_tests.c.obj   -c /home/toshi/CLionProjects/nucleo_f303re_v4/f3_blink/cmake-build-debug/CMakeFiles/feature_tests.c
Linking C executable cmTC_a42fb
/opt/clion/bin/cmake/linux/bin/cmake -E cmake_link_script CMakeFiles/cmTC_a42fb.dir/link.txt --verbose=1
/usr/bin/arm-none-eabi-gcc -mcpu=cortex-m4  -mthumb -mthumb-interwork -ffunction-sections -fdata-sections     -g -fno-common -fmessage-length=0 -specs=nosys.specs -specs=nano.specs -std=gnu99   -Wl,-gc-sections,--print-memory-usage -T /home/toshi/CLionProjects/nucleo_f303re_v4/f3_blink/STM32F303RETx_FLASH.ld  CMakeFiles/cmTC_a42fb.dir/feature_tests.c.obj  -o cmTC_a42fb 
Memory region         Used Size  Region Size  %age Used
             RAM:        1568 B        64 KB      2.39%
          CCMRAM:          0 GB        16 KB      0.00%
           FLASH:          96 B       512 KB      0.02/usr/bin/../lib/gcc/arm-none-eabi/8.2.1/../../../../arm-none-eabi/bin/ld: warning: cannot find entry symbol Reset_Handler; defaulting to 0000000008000000
%
make[1]: Leaving directory '/home/toshi/CLionProjects/nucleo_f303re_v4/f3_blink/cmake-build-debug/CMakeFiles/CMakeTmp'




Detecting C [-std=c90] compiler features compiled with the following output:
Change Dir: /home/toshi/CLionProjects/nucleo_f303re_v4/f3_blink/cmake-build-debug/CMakeFiles/CMakeTmp

Run Build Command:"/usr/bin/make" "cmTC_e0aab/fast"
/usr/bin/make -f CMakeFiles/cmTC_e0aab.dir/build.make CMakeFiles/cmTC_e0aab.dir/build
make[1]: Entering directory '/home/toshi/CLionProjects/nucleo_f303re_v4/f3_blink/cmake-build-debug/CMakeFiles/CMakeTmp'
Building C object CMakeFiles/cmTC_e0aab.dir/feature_tests.c.obj
/usr/bin/arm-none-eabi-gcc   -mcpu=cortex-m4  -mthumb -mthumb-interwork -ffunction-sections -fdata-sections     -g -fno-common -fmessage-length=0 -specs=nosys.specs -specs=nano.specs -std=gnu99    -std=c90 -o CMakeFiles/cmTC_e0aab.dir/feature_tests.c.obj   -c /home/toshi/CLionProjects/nucleo_f303re_v4/f3_blink/cmake-build-debug/CMakeFiles/feature_tests.c
Linking C executable cmTC_e0aab
/opt/clion/bin/cmake/linux/bin/cmake -E cmake_link_script CMakeFiles/cmTC_e0aab.dir/link.txt --verbose=1
/usr/bin/arm-none-eabi-gcc -mcpu=cortex-m4  -mthumb -mthumb-interwork -ffunction-sections -fdata-sections     -g -fno-common -fmessage-length=0 -specs=nosys.specs -specs=nano.specs -std=gnu99   -Wl,-gc-sections,--print-memory-usage -T /home/toshi/CLionProjects/nucleo_f303re_v4/f3_blink/STM32F303RETx_FLASH.ld  CMakeFiles/cmTC_e0aab.dir/feature_tests.c.obj  -o cmTC_e0aab 
Memory region         Used Size  Region Size  %age Used
             RAM:        1568 B        64 KB      2.39%
          CCMRAM:          0 GB        16 KB      0.00%
           FLASH:          96 B       512 KB      0.02/usr/bin/../lib/gcc/arm-none-eabi/8.2.1/../../../../arm-none-eabi/bin/ld: warning: cannot find entry symbol Reset_Handler; defaulting to 0000000008000000
%
make[1]: Leaving directory '/home/toshi/CLionProjects/nucleo_f303re_v4/f3_blink/cmake-build-debug/CMakeFiles/CMakeTmp'


Detecting CXX compiler ABI info compiled with the following output:
Change Dir: /home/toshi/CLionProjects/nucleo_f303re_v4/f3_blink/cmake-build-debug/CMakeFiles/CMakeTmp

Run Build Command:"/usr/bin/make" "cmTC_dd9c3/fast"
/usr/bin/make -f CMakeFiles/cmTC_dd9c3.dir/build.make CMakeFiles/cmTC_dd9c3.dir/build
make[1]: Entering directory '/home/toshi/CLionProjects/nucleo_f303re_v4/f3_blink/cmake-build-debug/CMakeFiles/CMakeTmp'
Building CXX object CMakeFiles/cmTC_dd9c3.dir/CMakeCXXCompilerABI.cpp.obj
/usr/bin/arm-none-eabi-g++    -mcpu=cortex-m4  -mthumb -mthumb-interwork -ffunction-sections -fdata-sections     -g -fno-common -fmessage-length=0 -specs=nosys.specs -specs=nano.specs -std=c++11    -o CMakeFiles/cmTC_dd9c3.dir/CMakeCXXCompilerABI.cpp.obj -c /opt/clion/bin/cmake/linux/share/cmake-3.13/Modules/CMakeCXXCompilerABI.cpp
Linking CXX executable cmTC_dd9c3
/opt/clion/bin/cmake/linux/bin/cmake -E cmake_link_script CMakeFiles/cmTC_dd9c3.dir/link.txt --verbose=1
/usr/bin/arm-none-eabi-g++  -mcpu=cortex-m4  -mthumb -mthumb-interwork -ffunction-sections -fdata-sections     -g -fno-common -fmessage-length=0 -specs=nosys.specs -specs=nano.specs -std=c++11   -Wl,-gc-sections,--print-memory-usage -T /home/toshi/CLionProjects/nucleo_f303re_v4/f3_blink/STM32F303RETx_FLASH.ld -v CMakeFiles/cmTC_dd9c3.dir/CMakeCXXCompilerABI.cpp.obj  -o cmTC_dd9c3 
Using built-in specs.
Reading specs from /usr/bin/../lib/gcc/arm-none-eabi/8.2.1/../../../../arm-none-eabi/lib/nosys.specs
rename spec link_gcc_c_sequence to nosys_link_gcc_c_sequence
Reading specs from /usr/bin/../lib/gcc/arm-none-eabi/8.2.1/../../../../arm-none-eabi/lib/nano.specs
rename spec link to nano_link
rename spec link_gcc_c_sequence to nano_link_gcc_c_sequence
rename spec cpp_unique_options to nano_cpp_unique_options
COLLECT_GCC=/usr/bin/arm-none-eabi-g++
COLLECT_LTO_WRAPPER=/usr/bin/../lib/gcc/arm-none-eabi/8.2.1/lto-wrapper
Target: arm-none-eabi
Configured with: /tmp/jenkins/jenkins-GCC-8-build_toolchain_docker-519_20181216_1544945247/src/gcc/configure --target=arm-none-eabi --prefix=/tmp/jenkins/jenkins-GCC-8-build_toolchain_docker-519_20181216_1544945247/install-native --libexecdir=/tmp/jenkins/jenkins-GCC-8-build_toolchain_docker-519_20181216_1544945247/install-native/lib --infodir=/tmp/jenkins/jenkins-GCC-8-build_toolchain_docker-519_20181216_1544945247/install-native/share/doc/gcc-arm-none-eabi/info --mandir=/tmp/jenkins/jenkins-GCC-8-build_toolchain_docker-519_20181216_1544945247/install-native/share/doc/gcc-arm-none-eabi/man --htmldir=/tmp/jenkins/jenkins-GCC-8-build_toolchain_docker-519_20181216_1544945247/install-native/share/doc/gcc-arm-none-eabi/html --pdfdir=/tmp/jenkins/jenkins-GCC-8-build_toolchain_docker-519_20181216_1544945247/install-native/share/doc/gcc-arm-none-eabi/pdf --enable-languages=c,c++ --enable-plugins --disable-decimal-float --disable-libffi --disable-libgomp --disable-libmudflap --disable-libquadmath --disable-libssp --disable-libstdcxx-pch --disable-nls --disable-shared --disable-threads --disable-tls --with-gnu-as --with-gnu-ld --with-newlib --with-headers=yes --with-python-dir=share/gcc-arm-none-eabi --with-sysroot=/tmp/jenkins/jenkins-GCC-8-build_toolchain_docker-519_20181216_1544945247/install-native/arm-none-eabi --build=x86_64-linux-gnu --host=x86_64-linux-gnu --with-gmp=/tmp/jenkins/jenkins-GCC-8-build_toolchain_docker-519_20181216_1544945247/build-native/host-libs/usr --with-mpfr=/tmp/jenkins/jenkins-GCC-8-build_toolchain_docker-519_20181216_1544945247/build-native/host-libs/usr --with-mpc=/tmp/jenkins/jenkins-GCC-8-build_toolchain_docker-519_20181216_1544945247/build-native/host-libs/usr --with-isl=/tmp/jenkins/jenkins-GCC-8-build_toolchain_docker-519_20181216_1544945247/build-native/host-libs/usr --with-libelf=/tmp/jenkins/jenkins-GCC-8-build_toolchain_docker-519_20181216_1544945247/build-native/host-libs/usr --with-host-libstdcxx='-static-libgcc -Wl,-Bstatic,-lstdc++,-Bdynamic -lm' --with-pkgversion='GNU Tools for Arm Embedded Processors 8-2018-q4-major' --with-multilib-list=rmprofile
Thread model: single
gcc version 8.2.1 20181213 (release) [gcc-8-branch revision 267074] (GNU Tools for Arm Embedded Processors 8-2018-q4-major) 
COMPILER_PATH=/usr/bin/../lib/gcc/arm-none-eabi/8.2.1/:/usr/bin/../lib/gcc/:/usr/bin/../lib/gcc/arm-none-eabi/8.2.1/../../../../arm-none-eabi/bin/
LIBRARY_PATH=/usr/bin/../lib/gcc/arm-none-eabi/8.2.1/thumb/v7e-m/nofp/:/usr/bin/../lib/gcc/arm-none-eabi/8.2.1/../../../../arm-none-eabi/lib/thumb/v7e-m/nofp/:/usr/bin/../arm-none-eabi/lib/thumb/v7e-m/nofp/:/usr/bin/../lib/gcc/arm-none-eabi/8.2.1/:/usr/bin/../lib/gcc/:/usr/bin/../lib/gcc/arm-none-eabi/8.2.1/../../../../arm-none-eabi/lib/:/usr/bin/../arm-none-eabi/lib/
COLLECT_GCC_OPTIONS='-mcpu=cortex-m4' '-mthumb' '-mthumb-interwork' '-ffunction-sections' '-fdata-sections' '-g' '-fno-common' '-fmessage-length=0' '-specs=nosys.specs' '-specs=nano.specs' '-std=c++11' '-T' '/home/toshi/CLionProjects/nucleo_f303re_v4/f3_blink/STM32F303RETx_FLASH.ld' '-v' '-o' 'cmTC_dd9c3' '-mfloat-abi=soft' '-march=armv7e-m'
 /usr/bin/../lib/gcc/arm-none-eabi/8.2.1/collect2 -plugin /usr/bin/../lib/gcc/arm-none-eabi/8.2.1/liblto_plugin.so -plugin-opt=/usr/bin/../lib/gcc/arm-none-eabi/8.2.1/lto-wrapper -plugin-opt=-fresolution=/tmp/ccLDXgJ2.res -plugin-opt=-pass-through=-lgcc -plugin-opt=-pass-through=-lg_nano -plugin-opt=-pass-through=-lc_nano -plugin-opt=-pass-through=-lgcc -plugin-opt=-pass-through=-lc_nano -plugin-opt=-pass-through=-lnosys -plugin-opt=-pass-through=-lgcc -plugin-opt=-pass-through=-lc_nano -plugin-opt=-pass-through=-lnosys --sysroot=/usr/bin/../arm-none-eabi -X -o cmTC_dd9c3 /usr/bin/../lib/gcc/arm-none-eabi/8.2.1/thumb/v7e-m/nofp/crti.o /usr/bin/../lib/gcc/arm-none-eabi/8.2.1/thumb/v7e-m/nofp/crtbegin.o /usr/bin/../lib/gcc/arm-none-eabi/8.2.1/../../../../arm-none-eabi/lib/thumb/v7e-m/nofp/crt0.o -L/usr/bin/../lib/gcc/arm-none-eabi/8.2.1/thumb/v7e-m/nofp -L/usr/bin/../lib/gcc/arm-none-eabi/8.2.1/../../../../arm-none-eabi/lib/thumb/v7e-m/nofp -L/usr/bin/../arm-none-eabi/lib/thumb/v7e-m/nofp -L/usr/bin/../lib/gcc/arm-none-eabi/8.2.1 -L/usr/bin/../lib/gcc -L/usr/bin/../lib/gcc/arm-none-eabi/8.2.1/../../../../arm-none-eabi/lib -L/usr/bin/../arm-none-eabi/lib -gc-sections --print-memory-usage CMakeFiles/cmTC_dd9c3.dir/CMakeCXXCompilerABI.cpp.obj -lstdc++_nano -lm --start-group -lgcc -lg_nano -lc_nano --end-group --start-group -lgcc -lc_nano -lnosys --end-group --start-group -lgcc -lc_nano -lnosys --end-group /usr/bin/../lib/gcc/arm-none-eabi/8.2.1/thumb/v7e-m/nofp/crtend.o /usr/bin/../lib/gcc/arm-none-eabi/8.2.1/thumb/v7e-m/nofp/crtn.o -T /home/toshi/CLionProjects/nucleo_f303re_v4/f3_blink/STM32F303RETx_FLASH.ld
Memory region         Used Size  Region Size  %age Used
             RAM:        1568 B        64 KB      2.39%
          CCMRAM:          0 GB        16 KB      0.00%
           FLASH:          96 B       512 KB      0.02/usr/bin/../lib/gcc/arm-none-eabi/8.2.1/../../../../arm-none-eabi/bin/ld: warning: cannot find entry symbol Reset_Handler; defaulting to 0000000008000000
%
COLLECT_GCC_OPTIONS='-mcpu=cortex-m4' '-mthumb' '-mthumb-interwork' '-ffunction-sections' '-fdata-sections' '-g' '-fno-common' '-fmessage-length=0' '-specs=nosys.specs' '-specs=nano.specs' '-std=c++11' '-T' '/home/toshi/CLionProjects/nucleo_f303re_v4/f3_blink/STM32F303RETx_FLASH.ld' '-v' '-o' 'cmTC_dd9c3' '-mfloat-abi=soft' '-march=armv7e-m'
make[1]: Leaving directory '/home/toshi/CLionProjects/nucleo_f303re_v4/f3_blink/cmake-build-debug/CMakeFiles/CMakeTmp'


Parsed CXX implicit link information from above output:
  link line regex: [^( *|.*[/\])(arm-none-eabi-ld|CMAKE_LINK_STARTFILE-NOTFOUND|([^/\]+-)?ld|collect2)[^/\]*( |$)]
  ignore line: [Change Dir: /home/toshi/CLionProjects/nucleo_f303re_v4/f3_blink/cmake-build-debug/CMakeFiles/CMakeTmp]
  ignore line: []
  ignore line: [Run Build Command:"/usr/bin/make" "cmTC_dd9c3/fast"]
  ignore line: [/usr/bin/make -f CMakeFiles/cmTC_dd9c3.dir/build.make CMakeFiles/cmTC_dd9c3.dir/build]
  ignore line: [make[1]: Entering directory '/home/toshi/CLionProjects/nucleo_f303re_v4/f3_blink/cmake-build-debug/CMakeFiles/CMakeTmp']
  ignore line: [Building CXX object CMakeFiles/cmTC_dd9c3.dir/CMakeCXXCompilerABI.cpp.obj]
  ignore line: [/usr/bin/arm-none-eabi-g++    -mcpu=cortex-m4  -mthumb -mthumb-interwork -ffunction-sections -fdata-sections     -g -fno-common -fmessage-length=0 -specs=nosys.specs -specs=nano.specs -std=c++11    -o CMakeFiles/cmTC_dd9c3.dir/CMakeCXXCompilerABI.cpp.obj -c /opt/clion/bin/cmake/linux/share/cmake-3.13/Modules/CMakeCXXCompilerABI.cpp]
  ignore line: [Linking CXX executable cmTC_dd9c3]
  ignore line: [/opt/clion/bin/cmake/linux/bin/cmake -E cmake_link_script CMakeFiles/cmTC_dd9c3.dir/link.txt --verbose=1]
  ignore line: [/usr/bin/arm-none-eabi-g++  -mcpu=cortex-m4  -mthumb -mthumb-interwork -ffunction-sections -fdata-sections     -g -fno-common -fmessage-length=0 -specs=nosys.specs -specs=nano.specs -std=c++11   -Wl,-gc-sections,--print-memory-usage -T /home/toshi/CLionProjects/nucleo_f303re_v4/f3_blink/STM32F303RETx_FLASH.ld -v CMakeFiles/cmTC_dd9c3.dir/CMakeCXXCompilerABI.cpp.obj  -o cmTC_dd9c3 ]
  ignore line: [Using built-in specs.]
  ignore line: [Reading specs from /usr/bin/../lib/gcc/arm-none-eabi/8.2.1/../../../../arm-none-eabi/lib/nosys.specs]
  ignore line: [rename spec link_gcc_c_sequence to nosys_link_gcc_c_sequence]
  ignore line: [Reading specs from /usr/bin/../lib/gcc/arm-none-eabi/8.2.1/../../../../arm-none-eabi/lib/nano.specs]
  ignore line: [rename spec link to nano_link]
  ignore line: [rename spec link_gcc_c_sequence to nano_link_gcc_c_sequence]
  ignore line: [rename spec cpp_unique_options to nano_cpp_unique_options]
  ignore line: [COLLECT_GCC=/usr/bin/arm-none-eabi-g++]
  ignore line: [COLLECT_LTO_WRAPPER=/usr/bin/../lib/gcc/arm-none-eabi/8.2.1/lto-wrapper]
  ignore line: [Target: arm-none-eabi]
  ignore line: [Configured with: /tmp/jenkins/jenkins-GCC-8-build_toolchain_docker-519_20181216_1544945247/src/gcc/configure --target=arm-none-eabi --prefix=/tmp/jenkins/jenkins-GCC-8-build_toolchain_docker-519_20181216_1544945247/install-native --libexecdir=/tmp/jenkins/jenkins-GCC-8-build_toolchain_docker-519_20181216_1544945247/install-native/lib --infodir=/tmp/jenkins/jenkins-GCC-8-build_toolchain_docker-519_20181216_1544945247/install-native/share/doc/gcc-arm-none-eabi/info --mandir=/tmp/jenkins/jenkins-GCC-8-build_toolchain_docker-519_20181216_1544945247/install-native/share/doc/gcc-arm-none-eabi/man --htmldir=/tmp/jenkins/jenkins-GCC-8-build_toolchain_docker-519_20181216_1544945247/install-native/share/doc/gcc-arm-none-eabi/html --pdfdir=/tmp/jenkins/jenkins-GCC-8-build_toolchain_docker-519_20181216_1544945247/install-native/share/doc/gcc-arm-none-eabi/pdf --enable-languages=c,c++ --enable-plugins --disable-decimal-float --disable-libffi --disable-libgomp --disable-libmudflap --disable-libquadmath --disable-libssp --disable-libstdcxx-pch --disable-nls --disable-shared --disable-threads --disable-tls --with-gnu-as --with-gnu-ld --with-newlib --with-headers=yes --with-python-dir=share/gcc-arm-none-eabi --with-sysroot=/tmp/jenkins/jenkins-GCC-8-build_toolchain_docker-519_20181216_1544945247/install-native/arm-none-eabi --build=x86_64-linux-gnu --host=x86_64-linux-gnu --with-gmp=/tmp/jenkins/jenkins-GCC-8-build_toolchain_docker-519_20181216_1544945247/build-native/host-libs/usr --with-mpfr=/tmp/jenkins/jenkins-GCC-8-build_toolchain_docker-519_20181216_1544945247/build-native/host-libs/usr --with-mpc=/tmp/jenkins/jenkins-GCC-8-build_toolchain_docker-519_20181216_1544945247/build-native/host-libs/usr --with-isl=/tmp/jenkins/jenkins-GCC-8-build_toolchain_docker-519_20181216_1544945247/build-native/host-libs/usr --with-libelf=/tmp/jenkins/jenkins-GCC-8-build_toolchain_docker-519_20181216_1544945247/build-native/host-libs/usr --with-host-libstdcxx='-static-libgcc -Wl,-Bstatic,-lstdc++,-Bdynamic -lm' --with-pkgversion='GNU Tools for Arm Embedded Processors 8-2018-q4-major' --with-multilib-list=rmprofile]
  ignore line: [Thread model: single]
  ignore line: [gcc version 8.2.1 20181213 (release) [gcc-8-branch revision 267074] (GNU Tools for Arm Embedded Processors 8-2018-q4-major) ]
  ignore line: [COMPILER_PATH=/usr/bin/../lib/gcc/arm-none-eabi/8.2.1/:/usr/bin/../lib/gcc/:/usr/bin/../lib/gcc/arm-none-eabi/8.2.1/../../../../arm-none-eabi/bin/]
  ignore line: [LIBRARY_PATH=/usr/bin/../lib/gcc/arm-none-eabi/8.2.1/thumb/v7e-m/nofp/:/usr/bin/../lib/gcc/arm-none-eabi/8.2.1/../../../../arm-none-eabi/lib/thumb/v7e-m/nofp/:/usr/bin/../arm-none-eabi/lib/thumb/v7e-m/nofp/:/usr/bin/../lib/gcc/arm-none-eabi/8.2.1/:/usr/bin/../lib/gcc/:/usr/bin/../lib/gcc/arm-none-eabi/8.2.1/../../../../arm-none-eabi/lib/:/usr/bin/../arm-none-eabi/lib/]
  ignore line: [COLLECT_GCC_OPTIONS='-mcpu=cortex-m4' '-mthumb' '-mthumb-interwork' '-ffunction-sections' '-fdata-sections' '-g' '-fno-common' '-fmessage-length=0' '-specs=nosys.specs' '-specs=nano.specs' '-std=c++11' '-T' '/home/toshi/CLionProjects/nucleo_f303re_v4/f3_blink/STM32F303RETx_FLASH.ld' '-v' '-o' 'cmTC_dd9c3' '-mfloat-abi=soft' '-march=armv7e-m']
  link line: [ /usr/bin/../lib/gcc/arm-none-eabi/8.2.1/collect2 -plugin /usr/bin/../lib/gcc/arm-none-eabi/8.2.1/liblto_plugin.so -plugin-opt=/usr/bin/../lib/gcc/arm-none-eabi/8.2.1/lto-wrapper -plugin-opt=-fresolution=/tmp/ccLDXgJ2.res -plugin-opt=-pass-through=-lgcc -plugin-opt=-pass-through=-lg_nano -plugin-opt=-pass-through=-lc_nano -plugin-opt=-pass-through=-lgcc -plugin-opt=-pass-through=-lc_nano -plugin-opt=-pass-through=-lnosys -plugin-opt=-pass-through=-lgcc -plugin-opt=-pass-through=-lc_nano -plugin-opt=-pass-through=-lnosys --sysroot=/usr/bin/../arm-none-eabi -X -o cmTC_dd9c3 /usr/bin/../lib/gcc/arm-none-eabi/8.2.1/thumb/v7e-m/nofp/crti.o /usr/bin/../lib/gcc/arm-none-eabi/8.2.1/thumb/v7e-m/nofp/crtbegin.o /usr/bin/../lib/gcc/arm-none-eabi/8.2.1/../../../../arm-none-eabi/lib/thumb/v7e-m/nofp/crt0.o -L/usr/bin/../lib/gcc/arm-none-eabi/8.2.1/thumb/v7e-m/nofp -L/usr/bin/../lib/gcc/arm-none-eabi/8.2.1/../../../../arm-none-eabi/lib/thumb/v7e-m/nofp -L/usr/bin/../arm-none-eabi/lib/thumb/v7e-m/nofp -L/usr/bin/../lib/gcc/arm-none-eabi/8.2.1 -L/usr/bin/../lib/gcc -L/usr/bin/../lib/gcc/arm-none-eabi/8.2.1/../../../../arm-none-eabi/lib -L/usr/bin/../arm-none-eabi/lib -gc-sections --print-memory-usage CMakeFiles/cmTC_dd9c3.dir/CMakeCXXCompilerABI.cpp.obj -lstdc++_nano -lm --start-group -lgcc -lg_nano -lc_nano --end-group --start-group -lgcc -lc_nano -lnosys --end-group --start-group -lgcc -lc_nano -lnosys --end-group /usr/bin/../lib/gcc/arm-none-eabi/8.2.1/thumb/v7e-m/nofp/crtend.o /usr/bin/../lib/gcc/arm-none-eabi/8.2.1/thumb/v7e-m/nofp/crtn.o -T /home/toshi/CLionProjects/nucleo_f303re_v4/f3_blink/STM32F303RETx_FLASH.ld]
    arg [/usr/bin/../lib/gcc/arm-none-eabi/8.2.1/collect2] ==> ignore
    arg [-plugin] ==> ignore
    arg [/usr/bin/../lib/gcc/arm-none-eabi/8.2.1/liblto_plugin.so] ==> ignore
    arg [-plugin-opt=/usr/bin/../lib/gcc/arm-none-eabi/8.2.1/lto-wrapper] ==> ignore
    arg [-plugin-opt=-fresolution=/tmp/ccLDXgJ2.res] ==> ignore
    arg [-plugin-opt=-pass-through=-lgcc] ==> ignore
    arg [-plugin-opt=-pass-through=-lg_nano] ==> ignore
    arg [-plugin-opt=-pass-through=-lc_nano] ==> ignore
    arg [-plugin-opt=-pass-through=-lgcc] ==> ignore
    arg [-plugin-opt=-pass-through=-lc_nano] ==> ignore
    arg [-plugin-opt=-pass-through=-lnosys] ==> ignore
    arg [-plugin-opt=-pass-through=-lgcc] ==> ignore
    arg [-plugin-opt=-pass-through=-lc_nano] ==> ignore
    arg [-plugin-opt=-pass-through=-lnosys] ==> ignore
    arg [--sysroot=/usr/bin/../arm-none-eabi] ==> ignore
    arg [-X] ==> ignore
    arg [-o] ==> ignore
    arg [cmTC_dd9c3] ==> ignore
    arg [/usr/bin/../lib/gcc/arm-none-eabi/8.2.1/thumb/v7e-m/nofp/crti.o] ==> ignore
    arg [/usr/bin/../lib/gcc/arm-none-eabi/8.2.1/thumb/v7e-m/nofp/crtbegin.o] ==> ignore
    arg [/usr/bin/../lib/gcc/arm-none-eabi/8.2.1/../../../../arm-none-eabi/lib/thumb/v7e-m/nofp/crt0.o] ==> ignore
    arg [-L/usr/bin/../lib/gcc/arm-none-eabi/8.2.1/thumb/v7e-m/nofp] ==> dir [/usr/bin/../lib/gcc/arm-none-eabi/8.2.1/thumb/v7e-m/nofp]
    arg [-L/usr/bin/../lib/gcc/arm-none-eabi/8.2.1/../../../../arm-none-eabi/lib/thumb/v7e-m/nofp] ==> dir [/usr/bin/../lib/gcc/arm-none-eabi/8.2.1/../../../../arm-none-eabi/lib/thumb/v7e-m/nofp]
    arg [-L/usr/bin/../arm-none-eabi/lib/thumb/v7e-m/nofp] ==> dir [/usr/bin/../arm-none-eabi/lib/thumb/v7e-m/nofp]
    arg [-L/usr/bin/../lib/gcc/arm-none-eabi/8.2.1] ==> dir [/usr/bin/../lib/gcc/arm-none-eabi/8.2.1]
    arg [-L/usr/bin/../lib/gcc] ==> dir [/usr/bin/../lib/gcc]
    arg [-L/usr/bin/../lib/gcc/arm-none-eabi/8.2.1/../../../../arm-none-eabi/lib] ==> dir [/usr/bin/../lib/gcc/arm-none-eabi/8.2.1/../../../../arm-none-eabi/lib]
    arg [-L/usr/bin/../arm-none-eabi/lib] ==> dir [/usr/bin/../arm-none-eabi/lib]
    arg [-gc-sections] ==> ignore
    arg [--print-memory-usage] ==> ignore
    arg [CMakeFiles/cmTC_dd9c3.dir/CMakeCXXCompilerABI.cpp.obj] ==> ignore
    arg [-lstdc++_nano] ==> lib [stdc++_nano]
    arg [-lm] ==> lib [m]
    arg [--start-group] ==> ignore
    arg [-lgcc] ==> lib [gcc]
    arg [-lg_nano] ==> lib [g_nano]
    arg [-lc_nano] ==> lib [c_nano]
    arg [--end-group] ==> ignore
    arg [--start-group] ==> ignore
    arg [-lgcc] ==> lib [gcc]
    arg [-lc_nano] ==> lib [c_nano]
    arg [-lnosys] ==> lib [nosys]
    arg [--end-group] ==> ignore
    arg [--start-group] ==> ignore
    arg [-lgcc] ==> lib [gcc]
    arg [-lc_nano] ==> lib [c_nano]
    arg [-lnosys] ==> lib [nosys]
    arg [--end-group] ==> ignore
    arg [/usr/bin/../lib/gcc/arm-none-eabi/8.2.1/thumb/v7e-m/nofp/crtend.o] ==> ignore
    arg [/usr/bin/../lib/gcc/arm-none-eabi/8.2.1/thumb/v7e-m/nofp/crtn.o] ==> ignore
    arg [-T] ==> ignore
    arg [/home/toshi/CLionProjects/nucleo_f303re_v4/f3_blink/STM32F303RETx_FLASH.ld] ==> ignore
  collapse library dir [/usr/bin/../lib/gcc/arm-none-eabi/8.2.1/thumb/v7e-m/nofp] ==> [/usr/lib/gcc/arm-none-eabi/8.2.1/thumb/v7e-m/nofp]
  collapse library dir [/usr/bin/../lib/gcc/arm-none-eabi/8.2.1/../../../../arm-none-eabi/lib/thumb/v7e-m/nofp] ==> [/usr/arm-none-eabi/lib/thumb/v7e-m/nofp]
  collapse library dir [/usr/bin/../arm-none-eabi/lib/thumb/v7e-m/nofp] ==> [/usr/arm-none-eabi/lib/thumb/v7e-m/nofp]
  collapse library dir [/usr/bin/../lib/gcc/arm-none-eabi/8.2.1] ==> [/usr/lib/gcc/arm-none-eabi/8.2.1]
  collapse library dir [/usr/bin/../lib/gcc] ==> [/usr/lib/gcc]
  collapse library dir [/usr/bin/../lib/gcc/arm-none-eabi/8.2.1/../../../../arm-none-eabi/lib] ==> [/usr/arm-none-eabi/lib]
  collapse library dir [/usr/bin/../arm-none-eabi/lib] ==> [/usr/arm-none-eabi/lib]
  implicit libs: [stdc++_nano;m;gcc;g_nano;c_nano;gcc;c_nano;nosys;gcc;c_nano;nosys]
  implicit dirs: [/usr/lib/gcc/arm-none-eabi/8.2.1/thumb/v7e-m/nofp;/usr/arm-none-eabi/lib/thumb/v7e-m/nofp;/usr/lib/gcc/arm-none-eabi/8.2.1;/usr/lib/gcc;/usr/arm-none-eabi/lib]
  implicit fwks: []




Detecting CXX [-std=c++2a] compiler features compiled with the following output:
Change Dir: /home/toshi/CLionProjects/nucleo_f303re_v4/f3_blink/cmake-build-debug/CMakeFiles/CMakeTmp

Run Build Command:"/usr/bin/make" "cmTC_54099/fast"
/usr/bin/make -f CMakeFiles/cmTC_54099.dir/build.make CMakeFiles/cmTC_54099.dir/build
make[1]: Entering directory '/home/toshi/CLionProjects/nucleo_f303re_v4/f3_blink/cmake-build-debug/CMakeFiles/CMakeTmp'
Building CXX object CMakeFiles/cmTC_54099.dir/feature_tests.cxx.obj
/usr/bin/arm-none-eabi-g++    -mcpu=cortex-m4  -mthumb -mthumb-interwork -ffunction-sections -fdata-sections     -g -fno-common -fmessage-length=0 -specs=nosys.specs -specs=nano.specs -std=c++11    -std=c++2a -o CMakeFiles/cmTC_54099.dir/feature_tests.cxx.obj -c /home/toshi/CLionProjects/nucleo_f303re_v4/f3_blink/cmake-build-debug/CMakeFiles/feature_tests.cxx
Linking CXX executable cmTC_54099
/opt/clion/bin/cmake/linux/bin/cmake -E cmake_link_script CMakeFiles/cmTC_54099.dir/link.txt --verbose=1
/usr/bin/arm-none-eabi-g++  -mcpu=cortex-m4  -mthumb -mthumb-interwork -ffunction-sections -fdata-sections     -g -fno-common -fmessage-length=0 -specs=nosys.specs -specs=nano.specs -std=c++11   -Wl,-gc-sections,--print-memory-usage -T /home/toshi/CLionProjects/nucleo_f303re_v4/f3_blink/STM32F303RETx_FLASH.ld  CMakeFiles/cmTC_54099.dir/feature_tests.cxx.obj  -o cmTC_54099 
Memory region         Used Size  Region Size  %age Used
             RAM:        1568 B        64 KB      2.39%
          CCMRAM:          0 GB        16 KB      0.00%
           FLASH:          96 B       512 KB      0.02/usr/bin/../lib/gcc/arm-none-eabi/8.2.1/../../../../arm-none-eabi/bin/ld: warning: cannot find entry symbol Reset_Handler; defaulting to 0000000008000000
%
make[1]: Leaving directory '/home/toshi/CLionProjects/nucleo_f303re_v4/f3_blink/cmake-build-debug/CMakeFiles/CMakeTmp'




Detecting CXX [-std=c++17] compiler features compiled with the following output:
Change Dir: /home/toshi/CLionProjects/nucleo_f303re_v4/f3_blink/cmake-build-debug/CMakeFiles/CMakeTmp

Run Build Command:"/usr/bin/make" "cmTC_0ab9d/fast"
/usr/bin/make -f CMakeFiles/cmTC_0ab9d.dir/build.make CMakeFiles/cmTC_0ab9d.dir/build
make[1]: Entering directory '/home/toshi/CLionProjects/nucleo_f303re_v4/f3_blink/cmake-build-debug/CMakeFiles/CMakeTmp'
Building CXX object CMakeFiles/cmTC_0ab9d.dir/feature_tests.cxx.obj
/usr/bin/arm-none-eabi-g++    -mcpu=cortex-m4  -mthumb -mthumb-interwork -ffunction-sections -fdata-sections     -g -fno-common -fmessage-length=0 -specs=nosys.specs -specs=nano.specs -std=c++11    -std=c++17 -o CMakeFiles/cmTC_0ab9d.dir/feature_tests.cxx.obj -c /home/toshi/CLionProjects/nucleo_f303re_v4/f3_blink/cmake-build-debug/CMakeFiles/feature_tests.cxx
Linking CXX executable cmTC_0ab9d
/opt/clion/bin/cmake/linux/bin/cmake -E cmake_link_script CMakeFiles/cmTC_0ab9d.dir/link.txt --verbose=1
/usr/bin/arm-none-eabi-g++  -mcpu=cortex-m4  -mthumb -mthumb-interwork -ffunction-sections -fdata-sections     -g -fno-common -fmessage-length=0 -specs=nosys.specs -specs=nano.specs -std=c++11   -Wl,-gc-sections,--print-memory-usage -T /home/toshi/CLionProjects/nucleo_f303re_v4/f3_blink/STM32F303RETx_FLASH.ld  CMakeFiles/cmTC_0ab9d.dir/feature_tests.cxx.obj  -o cmTC_0ab9d 
Memory region         Used Size  Region Size  %age Used
             RAM:        1568 B        64 KB      2.39%
          CCMRAM:          0 GB        16 KB      0.00%
           FLASH:          96 B       512 KB      0.02/usr/bin/../lib/gcc/arm-none-eabi/8.2.1/../../../../arm-none-eabi/bin/ld: warning: cannot find entry symbol Reset_Handler; defaulting to 0000000008000000
%
make[1]: Leaving directory '/home/toshi/CLionProjects/nucleo_f303re_v4/f3_blink/cmake-build-debug/CMakeFiles/CMakeTmp'




Detecting CXX [-std=c++14] compiler features compiled with the following output:
Change Dir: /home/toshi/CLionProjects/nucleo_f303re_v4/f3_blink/cmake-build-debug/CMakeFiles/CMakeTmp

Run Build Command:"/usr/bin/make" "cmTC_0170d/fast"
/usr/bin/make -f CMakeFiles/cmTC_0170d.dir/build.make CMakeFiles/cmTC_0170d.dir/build
make[1]: Entering directory '/home/toshi/CLionProjects/nucleo_f303re_v4/f3_blink/cmake-build-debug/CMakeFiles/CMakeTmp'
Building CXX object CMakeFiles/cmTC_0170d.dir/feature_tests.cxx.obj
/usr/bin/arm-none-eabi-g++    -mcpu=cortex-m4  -mthumb -mthumb-interwork -ffunction-sections -fdata-sections     -g -fno-common -fmessage-length=0 -specs=nosys.specs -specs=nano.specs -std=c++11    -std=c++14 -o CMakeFiles/cmTC_0170d.dir/feature_tests.cxx.obj -c /home/toshi/CLionProjects/nucleo_f303re_v4/f3_blink/cmake-build-debug/CMakeFiles/feature_tests.cxx
Linking CXX executable cmTC_0170d
/opt/clion/bin/cmake/linux/bin/cmake -E cmake_link_script CMakeFiles/cmTC_0170d.dir/link.txt --verbose=1
/usr/bin/arm-none-eabi-g++  -mcpu=cortex-m4  -mthumb -mthumb-interwork -ffunction-sections -fdata-sections     -g -fno-common -fmessage-length=0 -specs=nosys.specs -specs=nano.specs -std=c++11   -Wl,-gc-sections,--print-memory-usage -T /home/toshi/CLionProjects/nucleo_f303re_v4/f3_blink/STM32F303RETx_FLASH.ld  CMakeFiles/cmTC_0170d.dir/feature_tests.cxx.obj  -o cmTC_0170d 
Memory region         Used Size  Region Size  %age Used
             RAM:        1568 B        64 KB      2.39%
          CCMRAM:          0 GB        16 KB      0.00%
           FLASH:          96 B       512 KB      0.02/usr/bin/../lib/gcc/arm-none-eabi/8.2.1/../../../../arm-none-eabi/bin/ld: warning: cannot find entry symbol Reset_Handler; defaulting to 0000000008000000
%
make[1]: Leaving directory '/home/toshi/CLionProjects/nucleo_f303re_v4/f3_blink/cmake-build-debug/CMakeFiles/CMakeTmp'




Detecting CXX [-std=c++11] compiler features compiled with the following output:
Change Dir: /home/toshi/CLionProjects/nucleo_f303re_v4/f3_blink/cmake-build-debug/CMakeFiles/CMakeTmp

Run Build Command:"/usr/bin/make" "cmTC_70d50/fast"
/usr/bin/make -f CMakeFiles/cmTC_70d50.dir/build.make CMakeFiles/cmTC_70d50.dir/build
make[1]: Entering directory '/home/toshi/CLionProjects/nucleo_f303re_v4/f3_blink/cmake-build-debug/CMakeFiles/CMakeTmp'
Building CXX object CMakeFiles/cmTC_70d50.dir/feature_tests.cxx.obj
/usr/bin/arm-none-eabi-g++    -mcpu=cortex-m4  -mthumb -mthumb-interwork -ffunction-sections -fdata-sections     -g -fno-common -fmessage-length=0 -specs=nosys.specs -specs=nano.specs -std=c++11    -std=c++11 -o CMakeFiles/cmTC_70d50.dir/feature_tests.cxx.obj -c /home/toshi/CLionProjects/nucleo_f303re_v4/f3_blink/cmake-build-debug/CMakeFiles/feature_tests.cxx
Linking CXX executable cmTC_70d50
/opt/clion/bin/cmake/linux/bin/cmake -E cmake_link_script CMakeFiles/cmTC_70d50.dir/link.txt --verbose=1
/usr/bin/arm-none-eabi-g++  -mcpu=cortex-m4  -mthumb -mthumb-interwork -ffunction-sections -fdata-sections     -g -fno-common -fmessage-length=0 -specs=nosys.specs -specs=nano.specs -std=c++11   -Wl,-gc-sections,--print-memory-usage -T /home/toshi/CLionProjects/nucleo_f303re_v4/f3_blink/STM32F303RETx_FLASH.ld  CMakeFiles/cmTC_70d50.dir/feature_tests.cxx.obj  -o cmTC_70d50 
Memory region         Used Size  Region Size  %age Used
             RAM:        1568 B        64 KB      2.39%
          CCMRAM:          0 GB        16 KB      0.00%
           FLASH:          96 B       512 KB      0.02/usr/bin/../lib/gcc/arm-none-eabi/8.2.1/../../../../arm-none-eabi/bin/ld: warning: cannot find entry symbol Reset_Handler; defaulting to 0000000008000000
%
make[1]: Leaving directory '/home/toshi/CLionProjects/nucleo_f303re_v4/f3_blink/cmake-build-debug/CMakeFiles/CMakeTmp'




Detecting CXX [-std=c++98] compiler features compiled with the following output:
Change Dir: /home/toshi/CLionProjects/nucleo_f303re_v4/f3_blink/cmake-build-debug/CMakeFiles/CMakeTmp

Run Build Command:"/usr/bin/make" "cmTC_35abe/fast"
/usr/bin/make -f CMakeFiles/cmTC_35abe.dir/build.make CMakeFiles/cmTC_35abe.dir/build
make[1]: Entering directory '/home/toshi/CLionProjects/nucleo_f303re_v4/f3_blink/cmake-build-debug/CMakeFiles/CMakeTmp'
Building CXX object CMakeFiles/cmTC_35abe.dir/feature_tests.cxx.obj
/usr/bin/arm-none-eabi-g++    -mcpu=cortex-m4  -mthumb -mthumb-interwork -ffunction-sections -fdata-sections     -g -fno-common -fmessage-length=0 -specs=nosys.specs -specs=nano.specs -std=c++11    -std=c++98 -o CMakeFiles/cmTC_35abe.dir/feature_tests.cxx.obj -c /home/toshi/CLionProjects/nucleo_f303re_v4/f3_blink/cmake-build-debug/CMakeFiles/feature_tests.cxx
Linking CXX executable cmTC_35abe
/opt/clion/bin/cmake/linux/bin/cmake -E cmake_link_script CMakeFiles/cmTC_35abe.dir/link.txt --verbose=1
/usr/bin/arm-none-eabi-g++  -mcpu=cortex-m4  -mthumb -mthumb-interwork -ffunction-sections -fdata-sections     -g -fno-common -fmessage-length=0 -specs=nosys.specs -specs=nano.specs -std=c++11   -Wl,-gc-sections,--print-memory-usage -T /home/toshi/CLionProjects/nucleo_f303re_v4/f3_blink/STM32F303RETx_FLASH.ld  CMakeFiles/cmTC_35abe.dir/feature_tests.cxx.obj  -o cmTC_35abe 
Memory region         Used Size  Region Size  %age Used
             RAM:        1568 B        64 KB      2.39%
          CCMRAM:          0 GB        16 KB      0.00%
           FLASH:          96 B       512 KB      0.02/usr/bin/../lib/gcc/arm-none-eabi/8.2.1/../../../../arm-none-eabi/bin/ld: warning: cannot find entry symbol Reset_Handler; defaulting to 0000000008000000
%
make[1]: Leaving directory '/home/toshi/CLionProjects/nucleo_f303re_v4/f3_blink/cmake-build-debug/CMakeFiles/CMakeTmp'


